<?xml version="1.0" encoding="UTF-8"?>
<testng-results skipped="0" failed="0" ignored="0" total="1" passed="1">
  <reporter-output>
  </reporter-output>
  <suite name="Suite" duration-ms="39150" started-at="2018-07-21T08:13:39Z" finished-at="2018-07-21T08:14:18Z">
    <groups>
    </groups>
    <test name="Test" duration-ms="39150" started-at="2018-07-21T08:13:39Z" finished-at="2018-07-21T08:14:18Z">
      <class name="testcases.TC003_CreateLead">
        <test-method status="PASS" signature="beforeSuite()[pri:0, instance:testcases.TC003_CreateLead@a3426]" name="beforeSuite" is-config="true" duration-ms="615" started-at="2018-07-21T08:13:39Z" finished-at="2018-07-21T08:13:39Z">
          <reporter-output>
          </reporter-output>
        </test-method> <!-- beforeSuite -->
        <test-method status="PASS" signature="setData()[pri:0, instance:testcases.TC003_CreateLead@a3426]" name="setData" is-config="true" duration-ms="0" started-at="2018-07-21T08:13:39Z" finished-at="2018-07-21T08:13:39Z">
          <reporter-output>
          </reporter-output>
        </test-method> <!-- setData -->
        <test-method status="PASS" signature="beforeClass()[pri:0, instance:testcases.TC003_CreateLead@a3426]" name="beforeClass" is-config="true" duration-ms="9" started-at="2018-07-21T08:13:39Z" finished-at="2018-07-21T08:13:39Z">
          <reporter-output>
          </reporter-output>
        </test-method> <!-- beforeClass -->
        <test-method status="PASS" signature="beforeMethod()[pri:0, instance:testcases.TC003_CreateLead@a3426]" name="beforeMethod" is-config="true" duration-ms="10084" started-at="2018-07-21T08:13:42Z" finished-at="2018-07-21T08:13:52Z">
          <reporter-output>
          </reporter-output>
        </test-method> <!-- beforeMethod -->
        <test-method status="PASS" signature="createLead(java.lang.String, java.lang.String, java.lang.String, java.lang.String, java.lang.String, java.lang.String)[pri:0, instance:testcases.TC003_CreateLead@a3426]" name="createLead" duration-ms="24210" started-at="2018-07-21T08:13:52Z" data-provider="fetchData" finished-at="2018-07-21T08:14:16Z">
          <params>
            <param index="0">
              <value>
                <![CDATA[DemoSalesManager]]>
              </value>
            </param>
            <param index="1">
              <value>
                <![CDATA[crmsfa]]>
              </value>
            </param>
            <param index="2">
              <value>
                <![CDATA[Babu]]>
              </value>
            </param>
            <param index="3">
              <value>
                <![CDATA[M]]>
              </value>
            </param>
            <param index="4">
              <value>
                <![CDATA[Qeagle]]>
              </value>
            </param>
            <param index="5">
              <value>
                <![CDATA[babu@testleaf.com]]>
              </value>
            </param>
          </params>
          <reporter-output>
          </reporter-output>
        </test-method> <!-- createLead -->
        <test-method status="PASS" signature="afterMethod()[pri:0, instance:testcases.TC003_CreateLead@a3426]" name="afterMethod" is-config="true" duration-ms="2176" started-at="2018-07-21T08:14:16Z" finished-at="2018-07-21T08:14:18Z">
          <reporter-output>
          </reporter-output>
        </test-method> <!-- afterMethod -->
        <test-method status="PASS" signature="afterSuite()[pri:0, instance:testcases.TC003_CreateLead@a3426]" name="afterSuite" is-config="true" duration-ms="916" started-at="2018-07-21T08:14:19Z" finished-at="2018-07-21T08:14:19Z">
          <reporter-output>
          </reporter-output>
        </test-method> <!-- afterSuite -->
      </class> <!-- testcases.TC003_CreateLead -->
    </test> <!-- Test -->
  </suite> <!-- Suite -->
</testng-results>
